#
# A fatal error has been detected by the Java Runtime Environment:
#
#  SIGSEGV (0xb) at pc=0x00007fde0d588c77, pid=7880, tid=140591529211648
#
# JRE version: Java(TM) SE Runtime Environment (7.0_80-b15) (build 1.7.0_80-b15)
# Java VM: Java HotSpot(TM) 64-Bit Server VM (24.80-b11 mixed mode linux-amd64 compressed oops)
# Problematic frame:
# V  [libjvm.so+0x888c77]  oopDesc* PSPromotionManager::copy_to_survivor_space<false>(oopDesc*)+0x177
#
# Failed to write core dump. Core dumps have been disabled. To enable core dumping, try "ulimit -c unlimited" before starting Java again
#
# If you would like to submit a bug report, please visit:
#   http://bugreport.java.com/bugreport/crash.jsp
#

---------------  T H R E A D  ---------------

Current thread (0x00007fde08026800):  GCTaskThread [stack: 0x00007fde04183000,0x00007fde04284000] [id=7889]

siginfo:si_signo=SIGSEGV: si_errno=0, si_code=1 (SEGV_MAPERR), si_addr=0x00000000bab0f9f8

Registers:
RAX=0x00007fde0db26360, RBX=0x00000000ee317440, RCX=0x0000000000000000, RDX=0x00000000bab0f9e0
RSP=0x00007fde04282a20, RBP=0x00007fde04282a90, RSI=0x00000000ec3e89d8, RDI=0x00000000bab0f9f0
R8 =0x0000000000000001, R9 =0x00007fde0db41bf8, R10=0x00007fde0db13bb1, R11=0x00007fde04282a40
R12=0x00000000ec3e89d8, R13=0x0000000000000021, R14=0x0000000000000000, R15=0x00007fde08069020
RIP=0x00007fde0d588c77, EFLAGS=0x0000000000010202, CSGSFS=0x0000000000000033, ERR=0x0000000000000004
  TRAPNO=0x000000000000000e

Top of Stack: (sp=0x00007fde04282a20)
0x00007fde04282a20:   00007fde04282aa0 00007fde0db41bf8
0x00007fde04282a30:   0000000000000020 00007fde08068fb0
0x00007fde04282a40:   00000000ee3174dd 00000000ec438a98
0x00007fde04282a50:   00000000ec3e567a 0000000000001000
0x00007fde04282a60:   00000000eba80270 00000000ee317440
0x00007fde04282a70:   00007fde08068fb0 00007fde0db26360
0x00007fde04282a80:   0000000000000000 00007fde08069020
0x00007fde04282a90:   00007fde04282b80 00007fde0d588450
0x00007fde04282aa0:   00007fde04282b20 00007fde04282b10
0x00007fde04282ab0:   00007fde04282b20 00007fde04282ae0
0x00007fde04282ac0:   00007fde04282af0 00007fde04282b40
0x00007fde04282ad0:   0000000000000000 00007fde08069050
0x00007fde04282ae0:   00000000c099d7c8 00007fde08068fb0
0x00007fde04282af0:   00007fde08019210 00007fde045b4d15
0x00007fde04282b00:   00007fde04282b80 00007fde0d4ffa9f
0x00007fde04282b10:   00000000c09d37c1 00007fde08069020
0x00007fde04282b20:   00000000baf0e3a8 00000000c09d37c0
0x00007fde04282b30:   00000000c09d3815 00007fde0d2b4d08
0x00007fde04282b40:   00000000ee317441 00007fde08069018
0x00007fde04282b50:   0000000000000000 00000000c09d3cf0
0x00007fde04282b60:   00000000c09d3c00 00007fde045b4e9e
0x00007fde04282b70:   00007fde08019210 00007fde045b4f13
0x00007fde04282b80:   00007fde04282c40 00007fde0d0bda76
0x00007fde04282b90:   00007fde080209f0 00007fde045b4f12
0x00007fde04282ba0:   00007fde045b4e9b 00007fde0db41bf8
0x00007fde04282bb0:   00007fde08068fb0 00000000c0a291c0
0x00007fde04282bc0:   00007fde08018f40 00007fde045b5149
0x00007fde04282bd0:   00000000c09d3558 0000000000000200
0x00007fde04282be0:   00000000c09e25b8 00007fde045b4e9a
0x00007fde04282bf0:   0000000000000240 00007fde045b5000
0x00007fde04282c00:   00007fde045b5080 00007fde045b4e9e
0x00007fde04282c10:   00007fde045b4e9a 00007fde08028e20 

Instructions: (pc=0x00007fde0d588c77)
0x00007fde0d588c57:   83 f8 05 75 d3 31 db eb d6 48 8b 05 11 09 58 00
0x00007fde0d588c67:   8b 56 08 8b 48 08 48 d3 e2 48 03 10 48 8d 7a 10
0x00007fde0d588c77:   8b 77 08 83 fe 00 0f 8f db fe ff ff 0f 85 07 03
0x00007fde0d588c87:   00 00 0f 1f 80 00 00 00 00 48 8b 07 4c 89 e6 4c 

Register to memory mapping:

RAX=0x00007fde0db26360: <offset 0xe26360> in /usr/lib/jvm/java-7-oracle/jre/lib/amd64/server/libjvm.so at 0x00007fde0cd00000
RBX=0x00000000ee317440 is an unknown value
RCX=0x0000000000000000 is an unknown value
RDX=0x00000000bab0f9e0 is an unknown value
RSP=0x00007fde04282a20 is an unknown value
RBP=0x00007fde04282a90 is an unknown value
RSI=0x00000000ec3e89d8 is an unknown value
RDI=0x00000000bab0f9f0 is an unknown value
R8 =0x0000000000000001 is an unknown value
R9 =0x00007fde0db41bf8: <offset 0xe41bf8> in /usr/lib/jvm/java-7-oracle/jre/lib/amd64/server/libjvm.so at 0x00007fde0cd00000
R10=0x00007fde0db13bb1: <offset 0xe13bb1> in /usr/lib/jvm/java-7-oracle/jre/lib/amd64/server/libjvm.so at 0x00007fde0cd00000
R11=0x00007fde04282a40 is an unknown value
R12=0x00000000ec3e89d8 is an unknown value
R13=0x0000000000000021 is an unknown value
R14=0x0000000000000000 is an unknown value
R15=0x00007fde08069020 is an unknown value


Stack: [0x00007fde04183000,0x00007fde04284000],  sp=0x00007fde04282a20,  free space=1022k
Native frames: (J=compiled Java code, j=interpreted, Vv=VM code, C=native code)
V  [libjvm.so+0x888c77]  oopDesc* PSPromotionManager::copy_to_survivor_space<false>(oopDesc*)+0x177
V  [libjvm.so+0x888450]  PSPromotionManager::drain_stacks_depth(bool)+0x7c0
V  [libjvm.so+0x3bda76]  CardTableExtension::scavenge_contents_parallel(ObjectStartArray*, MutableSpace*, HeapWord*, PSPromotionManager*, unsigned int, unsigned int)+0xb56
V  [libjvm.so+0x88be3b]  OldToYoungRootsTask::do_it(GCTaskManager*, unsigned int)+0x4b
V  [libjvm.so+0x5590bf]  GCTaskThread::run()+0x12f
V  [libjvm.so+0x8238c8]  java_start(Thread*)+0x108


---------------  P R O C E S S  ---------------

Java Threads: ( => current thread )
  0x00007fde0809a000 JavaThread "Service Thread" daemon [_thread_blocked, id=7896, stack(0x00007fddfc32f000,0x00007fddfc430000)]
  0x00007fde08097800 JavaThread "C2 CompilerThread1" daemon [_thread_blocked, id=7895, stack(0x00007fddfc430000,0x00007fddfc531000)]
  0x00007fde08094800 JavaThread "C2 CompilerThread0" daemon [_thread_in_native, id=7894, stack(0x00007fddfc531000,0x00007fddfc632000)]
  0x00007fde08092800 JavaThread "Signal Dispatcher" daemon [_thread_blocked, id=7893, stack(0x00007fddfc632000,0x00007fddfc733000)]
  0x00007fde08071800 JavaThread "Finalizer" daemon [_thread_blocked, id=7892, stack(0x00007fddfc733000,0x00007fddfc834000)]
  0x00007fde0806f800 JavaThread "Reference Handler" daemon [_thread_blocked, id=7891, stack(0x00007fddfc834000,0x00007fddfc935000)]
  0x00007fde0800b800 JavaThread "main" [_thread_blocked, id=7885, stack(0x00007fde0e67d000,0x00007fde0e77e000)]

Other Threads:
  0x00007fde0806b000 VMThread [stack: 0x00007fddfc935000,0x00007fddfca36000] [id=7890]
  0x00007fde080ac800 WatcherThread [stack: 0x00007fddfc22e000,0x00007fddfc32f000] [id=7897]

=>0x00007fde08026800 (exited) GCTaskThread [stack: 0x00007fde04183000,0x00007fde04284000] [id=7889]

VM state:at safepoint (normal execution)

VM Mutex/Monitor currently owned by a thread:  ([mutex/lock_event])
[0x00007fde08007900] Threads_lock - owner thread: 0x00007fde0806b000
[0x00007fde08007e00] Heap_lock - owner thread: 0x00007fde0800b800

Heap
 PSYoungGen      total 43520K, used 39464K [0x00000000eaa80000, 0x00000000ef700000, 0x0000000100000000)
  eden space 25600K, 100% used [0x00000000eaa80000,0x00000000ec380000,0x00000000ec380000)
  from space 17920K, 77% used [0x00000000ec380000,0x00000000ed10a260,0x00000000ed500000)
  to   space 20480K, 35% used [0x00000000ee300000,0x00000000eea1eb20,0x00000000ef700000)
 ParOldGen       total 54784K, used 10404K [0x00000000c0000000, 0x00000000c3580000, 0x00000000eaa80000)
  object space 54784K, 18% used [0x00000000c0000000,0x00000000c0a291c0,0x00000000c3580000)
 PSPermGen       total 21504K, used 4611K [0x00000000bae00000, 0x00000000bc300000, 0x00000000c0000000)
  object space 21504K, 21% used [0x00000000bae00000,0x00000000bb280e20,0x00000000bc300000)

Card table byte_map: [0x00007fde04587000,0x00007fde047b1000] byte_map_base: 0x00007fde03fb0000

Polling page: 0x00007fde0e79b000

Code Cache  [0x00007fde047b1000, 0x00007fde04a21000, 0x00007fde077b1000)
 total_blobs=611 nmethods=389 adapters=175 free_code_cache=48054Kb largest_free_block=49164288

Compilation events (10 events):
Event: 6,821 Thread 0x00007fde08094800 nmethod 415% 0x00007fde0485f490 code [0x00007fde0485f600, 0x00007fde0485fc78]
Event: 6,821 Thread 0x00007fde08094800  416 %           com.android.dex.EncodedValueCodec::writeUnsignedIntegralValue @ 40 (66 bytes)
Event: 6,866 Thread 0x00007fde08094800 nmethod 416% 0x00007fde04858590 code [0x00007fde04858700, 0x00007fde048591d8]
Event: 6,866 Thread 0x00007fde08094800  417             com.android.dex.EncodedValueReader::readAnnotationName (8 bytes)
Event: 6,867 Thread 0x00007fde08094800 nmethod 417 0x00007fde04857790 code [0x00007fde048578e0, 0x00007fde04857968]
Event: 6,867 Thread 0x00007fde08094800  418             com.android.dx.merge.IndexMap$EncodedValueTransformer::transform (495 bytes)
Event: 6,917 Thread 0x00007fde08097800 nmethod 411 0x00007fde048c9750 code [0x00007fde048c9b60, 0x00007fde048cb730]
Event: 6,917 Thread 0x00007fde08097800  419             com.android.dex.Annotation::<init> (20 bytes)
Event: 6,919 Thread 0x00007fde08097800 nmethod 419 0x00007fde04858390 code [0x00007fde048584c0, 0x00007fde04858538]
Event: 6,919 Thread 0x00007fde08097800  420 %           com.android.dx.merge.DexMerger$IdMerger::readUnsortedValues @ 42 (101 bytes)

GC Heap History (10 events):
Event: 3,309 GC heap after
Heap after GC invocations=4 (full 1):
 PSYoungGen      total 16384K, used 480K [0x00000000eaa80000, 0x00000000ec080000, 0x0000000100000000)
  eden space 14336K, 0% used [0x00000000eaa80000,0x00000000eaa80000,0x00000000eb880000)
  from space 2048K, 23% used [0x00000000eb880000,0x00000000eb8f8000,0x00000000eba80000)
  to   space 2048K, 0% used [0x00000000ebe80000,0x00000000ebe80000,0x00000000ec080000)
 ParOldGen       total 54784K, used 10396K [0x00000000c0000000, 0x00000000c3580000, 0x00000000eaa80000)
  object space 54784K, 18% used [0x00000000c0000000,0x00000000c0a271c0,0x00000000c3580000)
 PSPermGen       total 21504K, used 3957K [0x00000000bae00000, 0x00000000bc300000, 0x00000000c0000000)
  object space 21504K, 18% used [0x00000000bae00000,0x00000000bb1dd550,0x00000000bc300000)
}
Event: 4,277 GC heap before
{Heap before GC invocations=5 (full 1):
 PSYoungGen      total 16384K, used 14816K [0x00000000eaa80000, 0x00000000ec080000, 0x0000000100000000)
  eden space 14336K, 100% used [0x00000000eaa80000,0x00000000eb880000,0x00000000eb880000)
  from space 2048K, 23% used [0x00000000eb880000,0x00000000eb8f8000,0x00000000eba80000)
  to   space 2048K, 0% used [0x00000000ebe80000,0x00000000ebe80000,0x00000000ec080000)
 ParOldGen       total 54784K, used 10396K [0x00000000c0000000, 0x00000000c3580000, 0x00000000eaa80000)
  object space 54784K, 18% used [0x00000000c0000000,0x00000000c0a271c0,0x00000000c3580000)
 PSPermGen       total 21504K, used 4215K [0x00000000bae00000, 0x00000000bc300000, 0x00000000c0000000)
  object space 21504K, 19% used [0x00000000bae00000,0x00000000bb21dd90,0x00000000bc300000)
Event: 4,290 GC heap after
Heap after GC invocations=5 (full 1):
 PSYoungGen      total 20480K, used 1813K [0x00000000eaa80000, 0x00000000ec100000, 0x0000000100000000)
  eden space 18432K, 0% used [0x00000000eaa80000,0x00000000eaa80000,0x00000000ebc80000)
  from space 2048K, 88% used [0x00000000ebe80000,0x00000000ec045450,0x00000000ec080000)
  to   space 2048K, 0% used [0x00000000ebc80000,0x00000000ebc80000,0x00000000ebe80000)
 ParOldGen       total 54784K, used 10404K [0x00000000c0000000, 0x00000000c3580000, 0x00000000eaa80000)
  object space 54784K, 18% used [0x00000000c0000000,0x00000000c0a291c0,0x00000000c3580000)
 PSPermGen       total 21504K, used 4215K [0x00000000bae00000, 0x00000000bc300000, 0x00000000c0000000)
  object space 21504K, 19% used [0x00000000bae00000,0x00000000bb21dd90,0x00000000bc300000)
}
Event: 5,366 GC heap before
{Heap before GC invocations=6 (full 1):
 PSYoungGen      total 20480K, used 20245K [0x00000000eaa80000, 0x00000000ec100000, 0x0000000100000000)
  eden space 18432K, 100% used [0x00000000eaa80000,0x00000000ebc80000,0x00000000ebc80000)
  from space 2048K, 88% used [0x00000000ebe80000,0x00000000ec045450,0x00000000ec080000)
  to   space 2048K, 0% used [0x00000000ebc80000,0x00000000ebc80000,0x00000000ebe80000)
 ParOldGen       total 54784K, used 10404K [0x00000000c0000000, 0x00000000c3580000, 0x00000000eaa80000)
  object space 54784K, 18% used [0x00000000c0000000,0x00000000c0a291c0,0x00000000c3580000)
 PSPermGen       total 21504K, used 4364K [0x00000000bae00000, 0x00000000bc300000, 0x00000000c0000000)
  object space 21504K, 20% used [0x00000000bae00000,0x00000000bb243020,0x00000000bc300000)
Event: 5,377 GC heap after
Heap after GC invocations=6 (full 1):
 PSYoungGen      total 20480K, used 1984K [0x00000000eaa80000, 0x00000000ee800000, 0x0000000100000000)
  eden space 18432K, 0% used [0x00000000eaa80000,0x00000000eaa80000,0x00000000ebc80000)
  from space 2048K, 96% used [0x00000000ebc80000,0x00000000ebe70018,0x00000000ebe80000)
  to   space 19456K, 0% used [0x00000000ed500000,0x00000000ed500000,0x00000000ee800000)
 ParOldGen       total 54784K, used 10404K [0x00000000c0000000, 0x00000000c3580000, 0x00000000eaa80000)
  object space 54784K, 18% used [0x00000000c0000000,0x00000000c0a291c0,0x00000000c3580000)
 PSPermGen       total 21504K, used 4364K [0x00000000bae00000, 0x00000000bc300000, 0x00000000c0000000)
  object space 21504K, 20% used [0x00000000bae00000,0x00000000bb243020,0x00000000bc300000)
}
Event: 5,679 GC heap before
{Heap before GC invocations=7 (full 1):
 PSYoungGen      total 20480K, used 20416K [0x00000000eaa80000, 0x00000000ee800000, 0x0000000100000000)
  eden space 18432K, 100% used [0x00000000eaa80000,0x00000000ebc80000,0x00000000ebc80000)
  from space 2048K, 96% used [0x00000000ebc80000,0x00000000ebe70018,0x00000000ebe80000)
  to   space 19456K, 0% used [0x00000000ed500000,0x00000000ed500000,0x00000000ee800000)
 ParOldGen       total 54784K, used 10404K [0x00000000c0000000, 0x00000000c3580000, 0x00000000eaa80000)
  object space 54784K, 18% used [0x00000000c0000000,0x00000000c0a291c0,0x00000000c3580000)
 PSPermGen       total 21504K, used 4368K [0x00000000bae00000, 0x00000000bc300000, 0x00000000c0000000)
  object space 21504K, 20% used [0x00000000bae00000,0x00000000bb2440d8,0x00000000bc300000)
Event: 5,695 GC heap after
Heap after GC invocations=7 (full 1):
 PSYoungGen      total 45056K, used 2441K [0x00000000eaa80000, 0x00000000ee800000, 0x0000000100000000)
  eden space 25600K, 0% used [0x00000000eaa80000,0x00000000eaa80000,0x00000000ec380000)
  from space 19456K, 12% used [0x00000000ed500000,0x00000000ed762728,0x00000000ee800000)
  to   space 17920K, 0% used [0x00000000ec380000,0x00000000ec380000,0x00000000ed500000)
 ParOldGen       total 54784K, used 10404K [0x00000000c0000000, 0x00000000c3580000, 0x00000000eaa80000)
  object space 54784K, 18% used [0x00000000c0000000,0x00000000c0a291c0,0x00000000c3580000)
 PSPermGen       total 21504K, used 4368K [0x00000000bae00000, 0x00000000bc300000, 0x00000000c0000000)
  object space 21504K, 20% used [0x00000000bae00000,0x00000000bb2440d8,0x00000000bc300000)
}
Event: 6,355 GC heap before
{Heap before GC invocations=8 (full 1):
 PSYoungGen      total 45056K, used 28041K [0x00000000eaa80000, 0x00000000ee800000, 0x0000000100000000)
  eden space 25600K, 100% used [0x00000000eaa80000,0x00000000ec380000,0x00000000ec380000)
  from space 19456K, 12% used [0x00000000ed500000,0x00000000ed762728,0x00000000ee800000)
  to   space 17920K, 0% used [0x00000000ec380000,0x00000000ec380000,0x00000000ed500000)
 ParOldGen       total 54784K, used 10404K [0x00000000c0000000, 0x00000000c3580000, 0x00000000eaa80000)
  object space 54784K, 18% used [0x00000000c0000000,0x00000000c0a291c0,0x00000000c3580000)
 PSPermGen       total 21504K, used 4600K [0x00000000bae00000, 0x00000000bc300000, 0x00000000c0000000)
  object space 21504K, 21% used [0x00000000bae00000,0x00000000bb27e110,0x00000000bc300000)
Event: 6,370 GC heap after
Heap after GC invocations=8 (full 1):
 PSYoungGen      total 43520K, used 13864K [0x00000000eaa80000, 0x00000000ef700000, 0x0000000100000000)
  eden space 25600K, 0% used [0x00000000eaa80000,0x00000000eaa80000,0x00000000ec380000)
  from space 17920K, 77% used [0x00000000ec380000,0x00000000ed10a260,0x00000000ed500000)
  to   space 20480K, 0% used [0x00000000ee300000,0x00000000ee300000,0x00000000ef700000)
 ParOldGen       total 54784K, used 10404K [0x00000000c0000000, 0x00000000c3580000, 0x00000000eaa80000)
  object space 54784K, 18% used [0x00000000c0000000,0x00000000c0a291c0,0x00000000c3580000)
 PSPermGen       total 21504K, used 4600K [0x00000000bae00000, 0x00000000bc300000, 0x00000000c0000000)
  object space 21504K, 21% used [0x00000000bae00000,0x00000000bb27e110,0x00000000bc300000)
}
Event: 6,993 GC heap before
{Heap before GC invocations=9 (full 1):
 PSYoungGen      total 43520K, used 39464K [0x00000000eaa80000, 0x00000000ef700000, 0x0000000100000000)
  eden space 25600K, 100% used [0x00000000eaa80000,0x00000000ec380000,0x00000000ec380000)
  from space 17920K, 77% used [0x00000000ec380000,0x00000000ed10a260,0x00000000ed500000)
  to   space 20480K, 0% used [0x00000000ee300000,0x00000000ee300000,0x00000000ef700000)
 ParOldGen       total 54784K, used 10404K [0x00000000c0000000, 0x00000000c3580000, 0x00000000eaa80000)
  object space 54784K, 18% used [0x00000000c0000000,0x00000000c0a291c0,0x00000000c3580000)
 PSPermGen       total 21504K, used 4611K [0x00000000bae00000, 0x00000000bc300000, 0x00000000c0000000)
  object space 21504K, 21% used [0x00000000bae00000,0x00000000bb280e20,0x00000000bc300000)

Deoptimization events (10 events):
Event: 6,096 Thread 0x00007fde0800b800 Uncommon trap: reason=unstable_if action=reinterpret pc=0x00007fde04851bdc method=com.android.dx.merge.DexMerger$IdMerger.readIntoMap(Lcom/android/dex/Dex$Section;Lcom/android/dex/TableOfContents$Section;Lcom/android/dx/merge/IndexMap;ILjava/util/TreeMap;
Event: 6,096 Thread 0x00007fde0800b800 Uncommon trap: reason=unstable_if action=reinterpret pc=0x00007fde04835090 method=com.android.dex.Mutf8.countBytes(Ljava/lang/String;Z)J @ 50
Event: 6,096 Thread 0x00007fde0800b800 Uncommon trap: reason=unstable_if action=reinterpret pc=0x00007fde04839d98 method=com.android.dex.Mutf8.countBytes(Ljava/lang/String;Z)J @ 50
Event: 6,379 Thread 0x00007fde0800b800 Uncommon trap: reason=class_check action=maybe_recompile pc=0x00007fde04845ef8 method=java.util.TreeMap.compare(Ljava/lang/Object;Ljava/lang/Object;)I @ 8
Event: 6,379 Thread 0x00007fde0800b800 Uncommon trap: reason=class_check action=maybe_recompile pc=0x00007fde04845ef8 method=java.util.TreeMap.compare(Ljava/lang/Object;Ljava/lang/Object;)I @ 8
Event: 6,379 Thread 0x00007fde0800b800 Uncommon trap: reason=class_check action=maybe_recompile pc=0x00007fde04845ef8 method=java.util.TreeMap.compare(Ljava/lang/Object;Ljava/lang/Object;)I @ 8
Event: 6,379 Thread 0x00007fde0800b800 Uncommon trap: reason=class_check action=maybe_recompile pc=0x00007fde04845ef8 method=java.util.TreeMap.compare(Ljava/lang/Object;Ljava/lang/Object;)I @ 8
Event: 6,470 Thread 0x00007fde0800b800 Uncommon trap: reason=bimorphic action=maybe_recompile pc=0x00007fde04868c20 method=com.android.dx.merge.DexMerger$IdMerger.mergeSorted()V @ 373
Event: 6,510 Thread 0x00007fde0800b800 Uncommon trap: reason=bimorphic action=maybe_recompile pc=0x00007fde04868c20 method=com.android.dx.merge.DexMerger$IdMerger.mergeSorted()V @ 373
Event: 6,875 Thread 0x00007fde0800b800 Uncommon trap: reason=predicate action=maybe_recompile pc=0x00007fde0488b190 method=java.util.TimSort.binarySort([Ljava/lang/Object;IIILjava/util/Comparator;)V @ 37

Internal exceptions (10 events):
Event: 4,314 Thread 0x00007fde0800b800 Threw 0x00000000eaac2b00 at /HUDSON/workspace/7u-2-build-linux-amd64/jdk7u80/2329/hotspot/src/share/vm/prims/jvm.cpp:1319
Event: 4,315 Thread 0x00007fde0800b800 Threw 0x00000000eaac5c78 at /HUDSON/workspace/7u-2-build-linux-amd64/jdk7u80/2329/hotspot/src/share/vm/prims/jvm.cpp:1319
Event: 4,318 Thread 0x00007fde0800b800 Threw 0x00000000eaac9488 at /HUDSON/workspace/7u-2-build-linux-amd64/jdk7u80/2329/hotspot/src/share/vm/prims/jvm.cpp:1319
Event: 4,319 Thread 0x00007fde0800b800 Threw 0x00000000eaacc428 at /HUDSON/workspace/7u-2-build-linux-amd64/jdk7u80/2329/hotspot/src/share/vm/prims/jvm.cpp:1319
Event: 4,320 Thread 0x00007fde0800b800 Threw 0x00000000eaacf328 at /HUDSON/workspace/7u-2-build-linux-amd64/jdk7u80/2329/hotspot/src/share/vm/prims/jvm.cpp:1319
Event: 4,322 Thread 0x00007fde0800b800 Threw 0x00000000eaad2b50 at /HUDSON/workspace/7u-2-build-linux-amd64/jdk7u80/2329/hotspot/src/share/vm/prims/jvm.cpp:1319
Event: 4,329 Thread 0x00007fde0800b800 Threw 0x00000000eaadaaf8 at /HUDSON/workspace/7u-2-build-linux-amd64/jdk7u80/2329/hotspot/src/share/vm/prims/jvm.cpp:1319
Event: 4,331 Thread 0x00007fde0800b800 Threw 0x00000000eaadcdb8 at /HUDSON/workspace/7u-2-build-linux-amd64/jdk7u80/2329/hotspot/src/share/vm/prims/jvm.cpp:1319
Event: 4,869 Thread 0x00007fde0800b800 Threw 0x00000000eb05cdb0 at /HUDSON/workspace/7u-2-build-linux-amd64/jdk7u80/2329/hotspot/src/share/vm/prims/jvm.cpp:1319
Event: 6,096 Thread 0x00007fde0800b800 Implicit null exception at 0x00007fde048512b2 to 0x00007fde04851bcd

Events (10 events):
Event: 6,499 Thread 0x00007fde08097800 flushing nmethod 0x00007fde04880450
Event: 6,509 Thread 0x00007fde0800b800 Uncommon trap: trap_request=0xffffffc6 fr.pc=0x00007fde04868c20
Event: 6,510 Thread 0x00007fde0800b800 DEOPT PACKING pc=0x00007fde04868c20 sp=0x00007fde0e77c5e0
Event: 6,510 Thread 0x00007fde0800b800 DEOPT UNPACKING pc=0x00007fde047ea445 sp=0x00007fde0e77c5e8 mode 2
Event: 6,873 loading class 0x00007fde04157f80
Event: 6,873 loading class 0x00007fde04157f80 done
Event: 6,875 Thread 0x00007fde0800b800 Uncommon trap: trap_request=0xffffff86 fr.pc=0x00007fde0488b190
Event: 6,875 Thread 0x00007fde0800b800 DEOPT PACKING pc=0x00007fde0488b190 sp=0x00007fde0e77c400
Event: 6,875 Thread 0x00007fde0800b800 DEOPT UNPACKING pc=0x00007fde047ea445 sp=0x00007fde0e77c3f0 mode 2
Event: 6,993 Executing VM operation: ParallelGCFailedAllocation


Dynamic libraries:
00400000-00401000 r-xp 00000000 08:06 2365615                            /usr/lib/jvm/java-7-oracle/bin/java
00600000-00601000 rw-p 00000000 08:06 2365615                            /usr/lib/jvm/java-7-oracle/bin/java
014db000-014fc000 rw-p 00000000 00:00 0                                  [heap]
bae00000-bc300000 rw-p 00000000 00:00 0 
bc300000-c0000000 rw-p 00000000 00:00 0 
c0000000-c3580000 rw-p 00000000 00:00 0 
c3580000-eaa80000 rw-p 00000000 00:00 0 
eaa80000-ef700000 rw-p 00000000 00:00 0 
ef700000-100000000 rw-p 00000000 00:00 0 
7fddc8000000-7fddc8021000 rw-p 00000000 00:00 0 
7fddc8021000-7fddcc000000 ---p 00000000 00:00 0 
7fddd0000000-7fddd04cc000 rw-p 00000000 00:00 0 
7fddd04cc000-7fddd4000000 ---p 00000000 00:00 0 
7fddd4000000-7fddd4021000 rw-p 00000000 00:00 0 
7fddd4021000-7fddd8000000 ---p 00000000 00:00 0 
7fddd8000000-7fddd8021000 rw-p 00000000 00:00 0 
7fddd8021000-7fdddc000000 ---p 00000000 00:00 0 
7fdddc000000-7fdddc5fb000 rw-p 00000000 00:00 0 
7fdddc5fb000-7fdde0000000 ---p 00000000 00:00 0 
7fdde0000000-7fdde0021000 rw-p 00000000 00:00 0 
7fdde0021000-7fdde4000000 ---p 00000000 00:00 0 
7fdde4000000-7fdde4021000 rw-p 00000000 00:00 0 
7fdde4021000-7fdde8000000 ---p 00000000 00:00 0 
7fdde8000000-7fdde8021000 rw-p 00000000 00:00 0 
7fdde8021000-7fddec000000 ---p 00000000 00:00 0 
7fddec000000-7fddec021000 rw-p 00000000 00:00 0 
7fddec021000-7fddf0000000 ---p 00000000 00:00 0 
7fddf0000000-7fddf0021000 rw-p 00000000 00:00 0 
7fddf0021000-7fddf4000000 ---p 00000000 00:00 0 
7fddf6ee0000-7fddf742a000 rw-p 00000000 00:00 0 
7fddf742a000-7fddf7441000 r-xp 00000000 08:06 2099358                    /usr/lib/jvm/java-7-oracle/jre/lib/amd64/libnet.so
7fddf7441000-7fddf7640000 ---p 00017000 08:06 2099358                    /usr/lib/jvm/java-7-oracle/jre/lib/amd64/libnet.so
7fddf7640000-7fddf7641000 rw-p 00016000 08:06 2099358                    /usr/lib/jvm/java-7-oracle/jre/lib/amd64/libnet.so
7fddf7641000-7fddf8000000 r--p 00000000 08:06 1973684                    /usr/lib/locale/locale-archive
7fddf8000000-7fddf8021000 rw-p 00000000 00:00 0 
7fddf8021000-7fddfc000000 ---p 00000000 00:00 0 
7fddfc01d000-7fddfc02d000 r-xp 00000000 08:06 2099324                    /usr/lib/jvm/java-7-oracle/jre/lib/amd64/libnio.so
7fddfc02d000-7fddfc22d000 ---p 00010000 08:06 2099324                    /usr/lib/jvm/java-7-oracle/jre/lib/amd64/libnio.so
7fddfc22d000-7fddfc22e000 rw-p 00010000 08:06 2099324                    /usr/lib/jvm/java-7-oracle/jre/lib/amd64/libnio.so
7fddfc22e000-7fddfc22f000 ---p 00000000 00:00 0 
7fddfc22f000-7fddfc32f000 rw-p 00000000 00:00 0 
7fddfc32f000-7fddfc332000 ---p 00000000 00:00 0 
7fddfc332000-7fddfc430000 rw-p 00000000 00:00 0 
7fddfc430000-7fddfc433000 ---p 00000000 00:00 0 
7fddfc433000-7fddfc531000 rw-p 00000000 00:00 0 
7fddfc531000-7fddfc534000 ---p 00000000 00:00 0 
7fddfc534000-7fddfc632000 rw-p 00000000 00:00 0 
7fddfc632000-7fddfc635000 ---p 00000000 00:00 0 
7fddfc635000-7fddfc733000 rw-p 00000000 00:00 0 
7fddfc733000-7fddfc736000 ---p 00000000 00:00 0 
7fddfc736000-7fddfc834000 rw-p 00000000 00:00 0 
7fddfc834000-7fddfc837000 ---p 00000000 00:00 0 
7fddfc837000-7fddfc935000 rw-p 00000000 00:00 0 
7fddfc935000-7fddfc936000 ---p 00000000 00:00 0 
7fddfc936000-7fddfd987000 rw-p 00000000 00:00 0 
7fddfd987000-7fddfdb47000 r--s 039fb000 08:06 2104615                    /usr/lib/jvm/java-7-oracle/jre/lib/rt.jar
7fddfdb47000-7fde00000000 rw-p 00000000 00:00 0 
7fde00000000-7fde00021000 rw-p 00000000 00:00 0 
7fde00021000-7fde04000000 ---p 00000000 00:00 0 
7fde04004000-7fde04183000 rw-p 00000000 00:00 0 
7fde04183000-7fde04184000 ---p 00000000 00:00 0 
7fde04184000-7fde04284000 rw-p 00000000 00:00 0 
7fde04284000-7fde04285000 ---p 00000000 00:00 0 
7fde04285000-7fde04385000 rw-p 00000000 00:00 0 
7fde04385000-7fde04386000 ---p 00000000 00:00 0 
7fde04386000-7fde04486000 rw-p 00000000 00:00 0 
7fde04486000-7fde04487000 ---p 00000000 00:00 0 
7fde04487000-7fde04592000 rw-p 00000000 00:00 0 
7fde04592000-7fde045b0000 rw-p 00000000 00:00 0 
7fde045b0000-7fde045cb000 rw-p 00000000 00:00 0 
7fde045cb000-7fde04705000 rw-p 00000000 00:00 0 
7fde04705000-7fde0472c000 rw-p 00000000 00:00 0 
7fde0472c000-7fde047b0000 rw-p 00000000 00:00 0 
7fde047b0000-7fde047b1000 rw-p 00000000 00:00 0 
7fde047b1000-7fde04a21000 rwxp 00000000 00:00 0 
7fde04a21000-7fde077b1000 rw-p 00000000 00:00 0 
7fde077b1000-7fde077c8000 r-xp 00000000 08:06 2099353                    /usr/lib/jvm/java-7-oracle/jre/lib/amd64/libzip.so
7fde077c8000-7fde079c8000 ---p 00017000 08:06 2099353                    /usr/lib/jvm/java-7-oracle/jre/lib/amd64/libzip.so
7fde079c8000-7fde079c9000 rw-p 00017000 08:06 2099353                    /usr/lib/jvm/java-7-oracle/jre/lib/amd64/libzip.so
7fde079c9000-7fde079d4000 r-xp 00000000 08:06 3412706                    /lib/x86_64-linux-gnu/libnss_files-2.23.so
7fde079d4000-7fde07bd3000 ---p 0000b000 08:06 3412706                    /lib/x86_64-linux-gnu/libnss_files-2.23.so
7fde07bd3000-7fde07bd4000 r--p 0000a000 08:06 3412706                    /lib/x86_64-linux-gnu/libnss_files-2.23.so
7fde07bd4000-7fde07bd5000 rw-p 0000b000 08:06 3412706                    /lib/x86_64-linux-gnu/libnss_files-2.23.so
7fde07bd5000-7fde07bdb000 rw-p 00000000 00:00 0 
7fde07bdb000-7fde07be6000 r-xp 00000000 08:06 3412716                    /lib/x86_64-linux-gnu/libnss_nis-2.23.so
7fde07be6000-7fde07de5000 ---p 0000b000 08:06 3412716                    /lib/x86_64-linux-gnu/libnss_nis-2.23.so
7fde07de5000-7fde07de6000 r--p 0000a000 08:06 3412716                    /lib/x86_64-linux-gnu/libnss_nis-2.23.so
7fde07de6000-7fde07de7000 rw-p 0000b000 08:06 3412716                    /lib/x86_64-linux-gnu/libnss_nis-2.23.so
7fde07de7000-7fde07dfd000 r-xp 00000000 08:06 3412700                    /lib/x86_64-linux-gnu/libnsl-2.23.so
7fde07dfd000-7fde07ffc000 ---p 00016000 08:06 3412700                    /lib/x86_64-linux-gnu/libnsl-2.23.so
7fde07ffc000-7fde07ffd000 r--p 00015000 08:06 3412700                    /lib/x86_64-linux-gnu/libnsl-2.23.so
7fde07ffd000-7fde07ffe000 rw-p 00016000 08:06 3412700                    /lib/x86_64-linux-gnu/libnsl-2.23.so
7fde07ffe000-7fde08000000 rw-p 00000000 00:00 0 
7fde08000000-7fde08161000 rw-p 00000000 00:00 0 
7fde08161000-7fde0c000000 ---p 00000000 00:00 0 
7fde0c006000-7fde0c039000 rw-p 00000000 00:00 0 
7fde0c039000-7fde0c057000 rw-p 00000000 00:00 0 
7fde0c057000-7fde0c072000 rw-p 00000000 00:00 0 
7fde0c072000-7fde0c1ad000 rw-p 00000000 00:00 0 
7fde0c1ad000-7fde0c1b5000 r-xp 00000000 08:06 3412702                    /lib/x86_64-linux-gnu/libnss_compat-2.23.so
7fde0c1b5000-7fde0c3b4000 ---p 00008000 08:06 3412702                    /lib/x86_64-linux-gnu/libnss_compat-2.23.so
7fde0c3b4000-7fde0c3b5000 r--p 00007000 08:06 3412702                    /lib/x86_64-linux-gnu/libnss_compat-2.23.so
7fde0c3b5000-7fde0c3b6000 rw-p 00008000 08:06 3412702                    /lib/x86_64-linux-gnu/libnss_compat-2.23.so
7fde0c3b6000-7fde0c3df000 r-xp 00000000 08:06 2099319                    /usr/lib/jvm/java-7-oracle/jre/lib/amd64/libjava.so
7fde0c3df000-7fde0c5df000 ---p 00029000 08:06 2099319                    /usr/lib/jvm/java-7-oracle/jre/lib/amd64/libjava.so
7fde0c5df000-7fde0c5e1000 rw-p 00029000 08:06 2099319                    /usr/lib/jvm/java-7-oracle/jre/lib/amd64/libjava.so
7fde0c5e1000-7fde0c5ee000 r-xp 00000000 08:06 2099346                    /usr/lib/jvm/java-7-oracle/jre/lib/amd64/libverify.so
7fde0c5ee000-7fde0c7ed000 ---p 0000d000 08:06 2099346                    /usr/lib/jvm/java-7-oracle/jre/lib/amd64/libverify.so
7fde0c7ed000-7fde0c7ef000 rw-p 0000c000 08:06 2099346                    /usr/lib/jvm/java-7-oracle/jre/lib/amd64/libverify.so
7fde0c7ef000-7fde0c7f6000 r-xp 00000000 08:06 3412761                    /lib/x86_64-linux-gnu/librt-2.23.so
7fde0c7f6000-7fde0c9f5000 ---p 00007000 08:06 3412761                    /lib/x86_64-linux-gnu/librt-2.23.so
7fde0c9f5000-7fde0c9f6000 r--p 00006000 08:06 3412761                    /lib/x86_64-linux-gnu/librt-2.23.so
7fde0c9f6000-7fde0c9f7000 rw-p 00007000 08:06 3412761                    /lib/x86_64-linux-gnu/librt-2.23.so
7fde0c9f7000-7fde0caff000 r-xp 00000000 08:06 3412677                    /lib/x86_64-linux-gnu/libm-2.23.so
7fde0caff000-7fde0ccfe000 ---p 00108000 08:06 3412677                    /lib/x86_64-linux-gnu/libm-2.23.so
7fde0ccfe000-7fde0ccff000 r--p 00107000 08:06 3412677                    /lib/x86_64-linux-gnu/libm-2.23.so
7fde0ccff000-7fde0cd00000 rw-p 00108000 08:06 3412677                    /lib/x86_64-linux-gnu/libm-2.23.so
7fde0cd00000-7fde0d876000 r-xp 00000000 08:06 2099373                    /usr/lib/jvm/java-7-oracle/jre/lib/amd64/server/libjvm.so
7fde0d876000-7fde0da75000 ---p 00b76000 08:06 2099373                    /usr/lib/jvm/java-7-oracle/jre/lib/amd64/server/libjvm.so
7fde0da75000-7fde0db39000 rw-p 00b75000 08:06 2099373                    /usr/lib/jvm/java-7-oracle/jre/lib/amd64/server/libjvm.so
7fde0db39000-7fde0db7a000 rw-p 00000000 00:00 0 
7fde0db7a000-7fde0dd3a000 r-xp 00000000 08:06 3412607                    /lib/x86_64-linux-gnu/libc-2.23.so
7fde0dd3a000-7fde0df39000 ---p 001c0000 08:06 3412607                    /lib/x86_64-linux-gnu/libc-2.23.so
7fde0df39000-7fde0df3d000 r--p 001bf000 08:06 3412607                    /lib/x86_64-linux-gnu/libc-2.23.so
7fde0df3d000-7fde0df3f000 rw-p 001c3000 08:06 3412607                    /lib/x86_64-linux-gnu/libc-2.23.so
7fde0df3f000-7fde0df43000 rw-p 00000000 00:00 0 
7fde0df43000-7fde0df46000 r-xp 00000000 08:06 3412631                    /lib/x86_64-linux-gnu/libdl-2.23.so
7fde0df46000-7fde0e145000 ---p 00003000 08:06 3412631                    /lib/x86_64-linux-gnu/libdl-2.23.so
7fde0e145000-7fde0e146000 r--p 00002000 08:06 3412631                    /lib/x86_64-linux-gnu/libdl-2.23.so
7fde0e146000-7fde0e147000 rw-p 00003000 08:06 3412631                    /lib/x86_64-linux-gnu/libdl-2.23.so
7fde0e147000-7fde0e15c000 r-xp 00000000 08:06 2229668                    /usr/lib/jvm/java-7-oracle/lib/amd64/jli/libjli.so
7fde0e15c000-7fde0e35b000 ---p 00015000 08:06 2229668                    /usr/lib/jvm/java-7-oracle/lib/amd64/jli/libjli.so
7fde0e35b000-7fde0e35c000 rw-p 00014000 08:06 2229668                    /usr/lib/jvm/java-7-oracle/lib/amd64/jli/libjli.so
7fde0e35c000-7fde0e374000 r-xp 00000000 08:06 3412753                    /lib/x86_64-linux-gnu/libpthread-2.23.so
7fde0e374000-7fde0e573000 ---p 00018000 08:06 3412753                    /lib/x86_64-linux-gnu/libpthread-2.23.so
7fde0e573000-7fde0e574000 r--p 00017000 08:06 3412753                    /lib/x86_64-linux-gnu/libpthread-2.23.so
7fde0e574000-7fde0e575000 rw-p 00018000 08:06 3412753                    /lib/x86_64-linux-gnu/libpthread-2.23.so
7fde0e575000-7fde0e579000 rw-p 00000000 00:00 0 
7fde0e579000-7fde0e59f000 r-xp 00000000 08:06 3412579                    /lib/x86_64-linux-gnu/ld-2.23.so
7fde0e5a3000-7fde0e5a7000 r--s 0008b000 08:06 2104574                    /usr/lib/jvm/java-7-oracle/jre/lib/jsse.jar
7fde0e5a7000-7fde0e5c7000 rw-p 00000000 00:00 0 
7fde0e5c7000-7fde0e67d000 rw-p 00000000 00:00 0 
7fde0e67d000-7fde0e680000 ---p 00000000 00:00 0 
7fde0e680000-7fde0e782000 rw-p 00000000 00:00 0 
7fde0e783000-7fde0e792000 r--s 000df000 08:06 4999401                    /home/lionel/Android/Sdk/build-tools/23.0.2/lib/dx.jar
7fde0e792000-7fde0e79a000 rw-s 00000000 08:06 2110673                    /tmp/hsperfdata_lionel/7880
7fde0e79a000-7fde0e79b000 rw-p 00000000 00:00 0 
7fde0e79b000-7fde0e79c000 ---p 00000000 00:00 0 
7fde0e79c000-7fde0e79e000 rw-p 00000000 00:00 0 
7fde0e79e000-7fde0e79f000 r--p 00025000 08:06 3412579                    /lib/x86_64-linux-gnu/ld-2.23.so
7fde0e79f000-7fde0e7a0000 rw-p 00026000 08:06 3412579                    /lib/x86_64-linux-gnu/ld-2.23.so
7fde0e7a0000-7fde0e7a1000 rw-p 00000000 00:00 0 
7ffea7896000-7ffea78b8000 rw-p 00000000 00:00 0                          [stack]
7ffea79c6000-7ffea79c8000 r--p 00000000 00:00 0                          [vvar]
7ffea79c8000-7ffea79ca000 r-xp 00000000 00:00 0                          [vdso]
ffffffffff600000-ffffffffff601000 r-xp 00000000 00:00 0                  [vsyscall]

VM Arguments:
jvm_args: -Djava.awt.headless=true -Xmx1024M -Dfile.encoding=UTF-8 -Duser.country=BR -Duser.language=pt -Duser.variant 
java_command: com.android.dx.command.Main --dex --force-jumbo --num-threads=4 --output /home/lionel/Documentos/projetosAndroid/IMC/app/build/intermediates/transforms/dex/debug/folders/1000/1f/main /home/lionel/Documentos/projetosAndroid/IMC/app/build/intermediates/pre-dexed/debug/internal_impl-23.2.0_6ad9f636694b8bae61674740a3629d04bd03ad50.jar /home/lionel/Documentos/projetosAndroid/IMC/app/build/intermediates/pre-dexed/debug/com.google.android.gms-play-services-basement-8.4.0_1a3d1486d38317ce0ef1eb264c7e0127503acd69.jar /home/lionel/Documentos/projetosAndroid/IMC/app/build/intermediates/pre-dexed/debug/instant-run_9e0629656bceab559ed87d2fbcedbc1471fc0a97.jar /home/lionel/Documentos/projetosAndroid/IMC/app/build/intermediates/pre-dexed/debug/maskededittext_56bfce397028e1e074d6753a5ee0f85625922f9c.jar /home/lionel/Documentos/projetosAndroid/IMC/app/build/intermediates/pre-dexed/debug/com.android.support-support-v4-23.2.0_f3508b7d89bffdb2f11ca125f0560452836f9458.jar /home/lionel/Documentos/projetosAndroid/IMC/app/build/intermediates/pre-dexed/debug/com.google.android.gms-play-services-ads-8.4.0_5a97ed887163567a43d57bae864c2f9788590d5d.jar /home/lionel/Documentos/projetosAndroid/IMC/app/build/intermediates/pre-dexed/debug/com.orhanobut-dialogplus-1.11_da315a962c24c9063fcdf323105970698061351d.jar /home/lionel/Documentos/projetosAndroid/IMC/app/build/intermediates/pre-dexed/debug/instant-run-bootstrap_c2176228e3567435d8dccc39654f2ecbca460aeb.jar /home/lionel/Documentos/projetosAndroid/IMC/app/build/intermediates/pre-dexed/debug/info.hoang8f-fbutton-1.0.5_330f33e91f7c87d1f1ac4f34964103445aa729a3.jar /home/lionel/Documentos/projetosAndroid/IMC/app/build/intermediates/pre-dexed/debug/com.android.support-appcompat-v7-23.1.1_7bec73f4c26809d637d18836b2511783766f981d.jar /home/lionel/Documentos/projetosAndroid/IMC/app/build/intermediates/pre-dexed/debug/com.android.support-cardview-v7-23.2.0_62918f89981f7eabf7acce0102de496003555c72.jar /home/lionel/Documentos/projetosAndroid
Launcher Type: SUN_STANDARD

Environment Variables:
PATH=/home/lionel/bin:/home/lionel/.local/bin:/usr/local/sbin:/usr/local/bin:/usr/sbin:/usr/bin:/sbin:/bin:/usr/games:/usr/local/games:/snap/bin
LD_LIBRARY_PATH=/opt/android-studio/bin:
SHELL=/bin/bash
DISPLAY=:1

Signal Handlers:
SIGSEGV: [libjvm.so+0x9a3b20], sa_mask[0]=0x7ffbfeff, sa_flags=0x10000004
SIGBUS: [libjvm.so+0x9a3b20], sa_mask[0]=0x7ffbfeff, sa_flags=0x10000004
SIGFPE: [libjvm.so+0x81e740], sa_mask[0]=0x7ffbfeff, sa_flags=0x10000004
SIGPIPE: [libjvm.so+0x81e740], sa_mask[0]=0x7ffbfeff, sa_flags=0x10000004
SIGXFSZ: [libjvm.so+0x81e740], sa_mask[0]=0x7ffbfeff, sa_flags=0x10000004
SIGILL: [libjvm.so+0x81e740], sa_mask[0]=0x7ffbfeff, sa_flags=0x10000004
SIGUSR1: SIG_DFL, sa_mask[0]=0x00000000, sa_flags=0x00000000
SIGUSR2: [libjvm.so+0x81ffb0], sa_mask[0]=0x00000004, sa_flags=0x10000004
SIGHUP: [libjvm.so+0x8210d0], sa_mask[0]=0x7ffbfeff, sa_flags=0x10000004
SIGINT: [libjvm.so+0x8210d0], sa_mask[0]=0x7ffbfeff, sa_flags=0x10000004
SIGTERM: [libjvm.so+0x8210d0], sa_mask[0]=0x7ffbfeff, sa_flags=0x10000004
SIGQUIT: [libjvm.so+0x8210d0], sa_mask[0]=0x7ffbfeff, sa_flags=0x10000004


---------------  S Y S T E M  ---------------

OS:stretch/sid

uname:Linux 4.4.0-36-generic #55-Ubuntu SMP Thu Aug 11 18:01:55 UTC 2016 x86_64
libc:glibc 2.23 NPTL 2.23 
rlimit: STACK 8192k, CORE 0k, NPROC 13534, NOFILE 65536, AS infinity
load average:10,45 10,13 5,43

/proc/meminfo:
MemTotal:        3503296 kB
MemFree:          803236 kB
MemAvailable:     740440 kB
Buffers:            2372 kB
Cached:           151568 kB
SwapCached:        21256 kB
Active:          1774232 kB
Inactive:         725892 kB
Active(anon):    1735340 kB
Inactive(anon):   697800 kB
Active(file):      38892 kB
Inactive(file):    28092 kB
Unevictable:         100 kB
Mlocked:             100 kB
SwapTotal:       3642364 kB
SwapFree:        2382404 kB
Dirty:               548 kB
Writeback:             0 kB
AnonPages:       2328140 kB
Mapped:            91160 kB
Shmem:             86756 kB
Slab:              82060 kB
SReclaimable:      40712 kB
SUnreclaim:        41348 kB
KernelStack:       13152 kB
PageTables:        53248 kB
NFS_Unstable:          0 kB
Bounce:                0 kB
WritebackTmp:          0 kB
CommitLimit:     5394012 kB
Committed_AS:    9015756 kB
VmallocTotal:   34359738367 kB
VmallocUsed:           0 kB
VmallocChunk:          0 kB
HardwareCorrupted:     0 kB
AnonHugePages:    864256 kB
CmaTotal:              0 kB
CmaFree:               0 kB
HugePages_Total:       0
HugePages_Free:        0
HugePages_Rsvd:        0
HugePages_Surp:        0
Hugepagesize:       2048 kB
DirectMap4k:      129120 kB
DirectMap2M:     3514368 kB


CPU:total 4 (2 cores per cpu, 2 threads per core) family 6 model 42 stepping 7, cmov, cx8, fxsr, mmx, sse, sse2, sse3, ssse3, sse4.1, sse4.2, popcnt, avx, aes, ht, tsc, tscinvbit

/proc/cpuinfo:
processor	: 0
vendor_id	: GenuineIntel
cpu family	: 6
model		: 42
model name	: Intel(R) Core(TM) i5-2450M CPU @ 2.50GHz
stepping	: 7
microcode	: 0x29
cpu MHz		: 799.902
cache size	: 3072 KB
physical id	: 0
siblings	: 4
core id		: 0
cpu cores	: 2
apicid		: 0
initial apicid	: 0
fpu		: yes
fpu_exception	: yes
cpuid level	: 13
wp		: yes
flags		: fpu vme de pse tsc msr pae mce cx8 apic sep mtrr pge mca cmov pat pse36 clflush dts acpi mmx fxsr sse sse2 ss ht tm pbe syscall nx rdtscp lm constant_tsc arch_perfmon pebs bts rep_good nopl xtopology nonstop_tsc aperfmperf eagerfpu pni pclmulqdq dtes64 monitor ds_cpl vmx est tm2 ssse3 cx16 xtpr pdcm pcid sse4_1 sse4_2 x2apic popcnt tsc_deadline_timer aes xsave avx lahf_lm epb tpr_shadow vnmi flexpriority ept vpid xsaveopt dtherm ida arat pln pts
bugs		:
bogomips	: 4988.50
clflush size	: 64
cache_alignment	: 64
address sizes	: 36 bits physical, 48 bits virtual
power management:

processor	: 1
vendor_id	: GenuineIntel
cpu family	: 6
model		: 42
model name	: Intel(R) Core(TM) i5-2450M CPU @ 2.50GHz
stepping	: 7
microcode	: 0x29
cpu MHz		: 800.000
cache size	: 3072 KB
physical id	: 0
siblings	: 4
core id		: 1
cpu cores	: 2
apicid		: 2
initial apicid	: 2
fpu		: yes
fpu_exception	: yes
cpuid level	: 13
wp		: yes
flags		: fpu vme de pse tsc msr pae mce cx8 apic sep mtrr pge mca cmov pat pse36 clflush dts acpi mmx fxsr sse sse2 ss ht tm pbe syscall nx rdtscp lm constant_tsc arch_perfmon pebs bts rep_good nopl xtopology nonstop_tsc aperfmperf eagerfpu pni pclmulqdq dtes64 monitor ds_cpl vmx est tm2 ssse3 cx16 xtpr pdcm pcid sse4_1 sse4_2 x2apic popcnt tsc_deadline_timer aes xsave avx lahf_lm epb tpr_shadow vnmi flexpriority ept vpid xsaveopt dtherm ida arat pln pts
bugs		:
bogomips	: 4988.50
clflush size	: 64
cache_alignment	: 64
address sizes	: 36 bits physical, 48 bits virtual
power management:

processor	: 2
vendor_id	: GenuineIntel
cpu family	: 6
model		: 42
model name	: Intel(R) Core(TM) i5-2450M CPU @ 2.50GHz
stepping	: 7
microcode	: 0x29
cpu MHz		: 800.000
cache size	: 3072 KB
physical id	: 0
siblings	: 4
core id		: 0
cpu cores	: 2
apicid		: 1
initial apicid	: 1
fpu		: yes
fpu_exception	: yes
cpuid level	: 13
wp		: yes
flags		: fpu vme de pse tsc msr pae mce cx8 apic sep mtrr pge mca cmov pat pse36 clflush dts acpi mmx fxsr sse sse2 ss ht tm pbe syscall nx rdtscp lm constant_tsc arch_perfmon pebs bts rep_good nopl xtopology nonstop_tsc aperfmperf eagerfpu pni pclmulqdq dtes64 monitor ds_cpl vmx est tm2 ssse3 cx16 xtpr pdcm pcid sse4_1 sse4_2 x2apic popcnt tsc_deadline_timer aes xsave avx lahf_lm epb tpr_shadow vnmi flexpriority ept vpid xsaveopt dtherm ida arat pln pts
bugs		:
bogomips	: 4988.50
clflush size	: 64
cache_alignment	: 64
address sizes	: 36 bits physical, 48 bits virtual
power management:

processor	: 3
vendor_id	: GenuineIntel
cpu family	: 6
model		: 42
model name	: Intel(R) Core(TM) i5-2450M CPU @ 2.50GHz
stepping	: 7
microcode	: 0x29
cpu MHz		: 799.902
cache size	: 3072 KB
physical id	: 0
siblings	: 4
core id		: 1
cpu cores	: 2
apicid		: 3
initial apicid	: 3
fpu		: yes
fpu_exception	: yes
cpuid level	: 13
wp		: yes
flags		: fpu vme de pse tsc msr pae mce cx8 apic sep mtrr pge mca cmov pat pse36 clflush dts acpi mmx fxsr sse sse2 ss ht tm pbe syscall nx rdtscp lm constant_tsc arch_perfmon pebs bts rep_good nopl xtopology nonstop_tsc aperfmperf eagerfpu pni pclmulqdq dtes64 monitor ds_cpl vmx est tm2 ssse3 cx16 xtpr pdcm pcid sse4_1 sse4_2 x2apic popcnt tsc_deadline_timer aes xsave avx lahf_lm epb tpr_shadow vnmi flexpriority ept vpid xsaveopt dtherm ida arat pln pts
bugs		:
bogomips	: 4988.50
clflush size	: 64
cache_alignment	: 64
address sizes	: 36 bits physical, 48 bits virtual
power management:



Memory: 4k page, physical 3503296k(802988k free), swap 3642364k(2382404k free)

vm_info: Java HotSpot(TM) 64-Bit Server VM (24.80-b11) for linux-amd64 JRE (1.7.0_80-b15), built on Apr 10 2015 19:53:14 by "java_re" with gcc 4.3.0 20080428 (Red Hat 4.3.0-8)

time: Sat Sep 10 14:21:59 2016
elapsed time: 7 seconds

